[ 2016-06-30T06:40:40+08:00 ] 127.0.0.1 127.0.0.1 GET /index.php?s=/mobile/index/home
[ log ] 127.0.0.1:8000/index.php?s=/mobile/index/home [运行时间：0.236751s] [吞吐率：4.22req/s] [内存消耗：233.24kb] [文件加载：32]
[ info ] [ ROUTE ] array (
  'type' => 'module',
  'module' => 
  array (
    0 => 'mobile',
    1 => 'index',
    2 => 'home',
  ),
)
[ info ] [ LOG ] INIT File: array (
  'path' => '/home/yqj/project/easytrader/H5/tp5/public/../runtime/log/',
)

[ 2016-06-30T06:41:25+08:00 ] 127.0.0.1 127.0.0.1 GET /index.php?s=/mobile/index/home
[ log ] 127.0.0.1:8000/index.php?s=/mobile/index/home [运行时间：0.062253s] [吞吐率：16.06req/s] [内存消耗：255.14kb] [文件加载：30]
[ info ] [ ROUTE ] array (
  'type' => 'module',
  'module' => 
  array (
    0 => 'mobile',
    1 => 'index',
    2 => 'home',
  ),
)
[ info ] [ RUN ] /home/yqj/project/easytrader/H5/tp5/application/mobile/controller/Index.php[ array (
) ]
[ info ] [ VIEW ] /home/yqj/project/easytrader/H5/tp5/public/../application/mobile/view/index/home.html [ array (
) ]
[ info ] [ LOG ] INIT File: array (
  'path' => '/home/yqj/project/easytrader/H5/tp5/public/../runtime/log/',
)

[ 2016-06-30T06:43:14+08:00 ] 127.0.0.1 127.0.0.1 GET /index.php?s=/mobile/index/home
[ log ] 127.0.0.1:8000/index.php?s=/mobile/index/home [运行时间：0.004639s] [吞吐率：215.56req/s] [内存消耗：252.53kb] [文件加载：30]
[ info ] [ ROUTE ] array (
  'type' => 'module',
  'module' => 
  array (
    0 => 'mobile',
    1 => 'index',
    2 => 'home',
  ),
)
[ info ] [ RUN ] /home/yqj/project/easytrader/H5/tp5/application/mobile/controller/Index.php[ array (
) ]
[ info ] [ VIEW ] /home/yqj/project/easytrader/H5/tp5/public/../application/mobile/view/index/home.html [ array (
) ]
[ info ] [ LOG ] INIT File: array (
  'path' => '/home/yqj/project/easytrader/H5/tp5/public/../runtime/log/',
)

[ 2016-06-30T06:44:09+08:00 ] 127.0.0.1 127.0.0.1 GET /index.php?s=/mobile/index/home
[ log ] 127.0.0.1:8000/index.php?s=/mobile/index/home [运行时间：0.004188s] [吞吐率：238.77req/s] [内存消耗：252.53kb] [文件加载：30]
[ info ] [ ROUTE ] array (
  'type' => 'module',
  'module' => 
  array (
    0 => 'mobile',
    1 => 'index',
    2 => 'home',
  ),
)
[ info ] [ RUN ] /home/yqj/project/easytrader/H5/tp5/application/mobile/controller/Index.php[ array (
) ]
[ info ] [ VIEW ] /home/yqj/project/easytrader/H5/tp5/public/../application/mobile/view/index/home.html [ array (
) ]
[ info ] [ LOG ] INIT File: array (
  'path' => '/home/yqj/project/easytrader/H5/tp5/public/../runtime/log/',
)

[ 2016-06-30T06:47:01+08:00 ] 127.0.0.1 127.0.0.1 GET /index.php?s=/mobile/index/home
[ log ] 127.0.0.1:8000/index.php?s=/mobile/index/home [运行时间：0.003165s] [吞吐率：315.95req/s] [内存消耗：252.52kb] [文件加载：30]
[ info ] [ ROUTE ] array (
  'type' => 'module',
  'module' => 
  array (
    0 => 'mobile',
    1 => 'index',
    2 => 'home',
  ),
)
[ info ] [ RUN ] /home/yqj/project/easytrader/H5/tp5/application/mobile/controller/Index.php[ array (
) ]
[ info ] [ VIEW ] /home/yqj/project/easytrader/H5/tp5/public/../application/mobile/view/index/home.html [ array (
) ]
[ info ] [ LOG ] INIT File: array (
  'path' => '/home/yqj/project/easytrader/H5/tp5/public/../runtime/log/',
)

[ 2016-06-30T06:49:38+08:00 ] 127.0.0.1 127.0.0.1 GET /index.php?s=/mobile/index/home
[ log ] 127.0.0.1:8000/index.php?s=/mobile/index/home [运行时间：0.004887s] [吞吐率：204.63req/s] [内存消耗：252.57kb] [文件加载：30]
[ info ] [ ROUTE ] array (
  'type' => 'module',
  'module' => 
  array (
    0 => 'mobile',
    1 => 'index',
    2 => 'home',
  ),
)
[ info ] [ RUN ] /home/yqj/project/easytrader/H5/tp5/application/mobile/controller/Index.php[ array (
) ]
[ info ] [ VIEW ] /home/yqj/project/easytrader/H5/tp5/public/../application/mobile/view/index/home.html [ array (
) ]
[ info ] [ LOG ] INIT File: array (
  'path' => '/home/yqj/project/easytrader/H5/tp5/public/../runtime/log/',
)

[ 2016-06-30T06:51:00+08:00 ] 127.0.0.1 127.0.0.1 GET /index.php?s=/mobile/index/home
[ log ] 127.0.0.1:8000/index.php?s=/mobile/index/home [运行时间：0.003824s] [吞吐率：261.51req/s] [内存消耗：252.53kb] [文件加载：30]
[ info ] [ ROUTE ] array (
  'type' => 'module',
  'module' => 
  array (
    0 => 'mobile',
    1 => 'index',
    2 => 'home',
  ),
)
[ info ] [ RUN ] /home/yqj/project/easytrader/H5/tp5/application/mobile/controller/Index.php[ array (
) ]
[ info ] [ VIEW ] /home/yqj/project/easytrader/H5/tp5/public/../application/mobile/view/index/home.html [ array (
) ]
[ info ] [ LOG ] INIT File: array (
  'path' => '/home/yqj/project/easytrader/H5/tp5/public/../runtime/log/',
)

[ 2016-06-30T06:51:49+08:00 ] 127.0.0.1 127.0.0.1 GET /index.php?s=/mobile/index/home
[ log ] 127.0.0.1:8000/index.php?s=/mobile/index/home [运行时间：0.004044s] [吞吐率：247.29req/s] [内存消耗：252.57kb] [文件加载：30]
[ info ] [ ROUTE ] array (
  'type' => 'module',
  'module' => 
  array (
    0 => 'mobile',
    1 => 'index',
    2 => 'home',
  ),
)
[ info ] [ RUN ] /home/yqj/project/easytrader/H5/tp5/application/mobile/controller/Index.php[ array (
) ]
[ info ] [ VIEW ] /home/yqj/project/easytrader/H5/tp5/public/../application/mobile/view/index/home.html [ array (
) ]
[ info ] [ LOG ] INIT File: array (
  'path' => '/home/yqj/project/easytrader/H5/tp5/public/../runtime/log/',
)

[ 2016-06-30T06:52:39+08:00 ] 127.0.0.1 127.0.0.1 GET /index.php?s=/mobile/index/home
[ log ] 127.0.0.1:8000/index.php?s=/mobile/index/home [运行时间：0.003493s] [吞吐率：286.28req/s] [内存消耗：252.44kb] [文件加载：30]
[ info ] [ ROUTE ] array (
  'type' => 'module',
  'module' => 
  array (
    0 => 'mobile',
    1 => 'index',
    2 => 'home',
  ),
)
[ info ] [ RUN ] /home/yqj/project/easytrader/H5/tp5/application/mobile/controller/Index.php[ array (
) ]
[ info ] [ VIEW ] /home/yqj/project/easytrader/H5/tp5/public/../application/mobile/view/index/home.html [ array (
) ]
[ info ] [ LOG ] INIT File: array (
  'path' => '/home/yqj/project/easytrader/H5/tp5/public/../runtime/log/',
)

[ 2016-06-30T06:52:53+08:00 ] 127.0.0.1 127.0.0.1 GET /index.php?s=/mobile/index/home
[ log ] 127.0.0.1:8000/index.php?s=/mobile/index/home [运行时间：0.003640s] [吞吐率：274.71req/s] [内存消耗：252.46kb] [文件加载：30]
[ info ] [ ROUTE ] array (
  'type' => 'module',
  'module' => 
  array (
    0 => 'mobile',
    1 => 'index',
    2 => 'home',
  ),
)
[ info ] [ RUN ] /home/yqj/project/easytrader/H5/tp5/application/mobile/controller/Index.php[ array (
) ]
[ info ] [ VIEW ] /home/yqj/project/easytrader/H5/tp5/public/../application/mobile/view/index/home.html [ array (
) ]
[ info ] [ LOG ] INIT File: array (
  'path' => '/home/yqj/project/easytrader/H5/tp5/public/../runtime/log/',
)

[ 2016-06-30T06:52:54+08:00 ] 127.0.0.1 127.0.0.1 GET /index.php?s=/mobile/index/home
[ log ] 127.0.0.1:8000/index.php?s=/mobile/index/home [运行时间：0.002122s] [吞吐率：471.22req/s] [内存消耗：202.53kb] [文件加载：28]
[ info ] [ ROUTE ] array (
  'type' => 'module',
  'module' => 
  array (
    0 => 'mobile',
    1 => 'index',
    2 => 'home',
  ),
)
[ info ] [ RUN ] /home/yqj/project/easytrader/H5/tp5/application/mobile/controller/Index.php[ array (
) ]
[ info ] [ VIEW ] /home/yqj/project/easytrader/H5/tp5/public/../application/mobile/view/index/home.html [ array (
) ]
[ info ] [ LOG ] INIT File: array (
  'path' => '/home/yqj/project/easytrader/H5/tp5/public/../runtime/log/',
)

[ 2016-06-30T06:54:49+08:00 ] 127.0.0.1 127.0.0.1 GET /index.php?s=/mobile/index/home
[ log ] 127.0.0.1:8000/index.php?s=/mobile/index/home [运行时间：0.006212s] [吞吐率：160.98req/s] [内存消耗：252.46kb] [文件加载：30]
[ info ] [ ROUTE ] array (
  'type' => 'module',
  'module' => 
  array (
    0 => 'mobile',
    1 => 'index',
    2 => 'home',
  ),
)
[ info ] [ RUN ] /home/yqj/project/easytrader/H5/tp5/application/mobile/controller/Index.php[ array (
) ]
[ info ] [ VIEW ] /home/yqj/project/easytrader/H5/tp5/public/../application/mobile/view/index/home.html [ array (
) ]
[ info ] [ LOG ] INIT File: array (
  'path' => '/home/yqj/project/easytrader/H5/tp5/public/../runtime/log/',
)

[ 2016-06-30T06:55:05+08:00 ] 127.0.0.1 127.0.0.1 GET /index.php?s=/mobile/index/home
[ log ] 127.0.0.1:8000/index.php?s=/mobile/index/home [运行时间：0.004315s] [吞吐率：231.76req/s] [内存消耗：252.46kb] [文件加载：30]
[ info ] [ ROUTE ] array (
  'type' => 'module',
  'module' => 
  array (
    0 => 'mobile',
    1 => 'index',
    2 => 'home',
  ),
)
[ info ] [ RUN ] /home/yqj/project/easytrader/H5/tp5/application/mobile/controller/Index.php[ array (
) ]
[ info ] [ VIEW ] /home/yqj/project/easytrader/H5/tp5/public/../application/mobile/view/index/home.html [ array (
) ]
[ info ] [ LOG ] INIT File: array (
  'path' => '/home/yqj/project/easytrader/H5/tp5/public/../runtime/log/',
)

[ 2016-06-30T06:55:20+08:00 ] 127.0.0.1 127.0.0.1 GET /index.php?s=/mobile/index/home
[ log ] 127.0.0.1:8000/index.php?s=/mobile/index/home [运行时间：0.003609s] [吞吐率：277.07req/s] [内存消耗：252.46kb] [文件加载：30]
[ info ] [ ROUTE ] array (
  'type' => 'module',
  'module' => 
  array (
    0 => 'mobile',
    1 => 'index',
    2 => 'home',
  ),
)
[ info ] [ RUN ] /home/yqj/project/easytrader/H5/tp5/application/mobile/controller/Index.php[ array (
) ]
[ info ] [ VIEW ] /home/yqj/project/easytrader/H5/tp5/public/../application/mobile/view/index/home.html [ array (
) ]
[ info ] [ LOG ] INIT File: array (
  'path' => '/home/yqj/project/easytrader/H5/tp5/public/../runtime/log/',
)

[ 2016-06-30T06:55:32+08:00 ] 127.0.0.1 127.0.0.1 GET /index.php?s=/mobile/index/home
[ log ] 127.0.0.1:8000/index.php?s=/mobile/index/home [运行时间：0.003313s] [吞吐率：301.84req/s] [内存消耗：252.46kb] [文件加载：30]
[ info ] [ ROUTE ] array (
  'type' => 'module',
  'module' => 
  array (
    0 => 'mobile',
    1 => 'index',
    2 => 'home',
  ),
)
[ info ] [ RUN ] /home/yqj/project/easytrader/H5/tp5/application/mobile/controller/Index.php[ array (
) ]
[ info ] [ VIEW ] /home/yqj/project/easytrader/H5/tp5/public/../application/mobile/view/index/home.html [ array (
) ]
[ info ] [ LOG ] INIT File: array (
  'path' => '/home/yqj/project/easytrader/H5/tp5/public/../runtime/log/',
)

[ 2016-06-30T06:55:51+08:00 ] 127.0.0.1 127.0.0.1 GET /index.php?s=/mobile/index/home
[ log ] 127.0.0.1:8000/index.php?s=/mobile/index/home [运行时间：0.003821s] [吞吐率：261.72req/s] [内存消耗：252.52kb] [文件加载：30]
[ info ] [ ROUTE ] array (
  'type' => 'module',
  'module' => 
  array (
    0 => 'mobile',
    1 => 'index',
    2 => 'home',
  ),
)
[ info ] [ RUN ] /home/yqj/project/easytrader/H5/tp5/application/mobile/controller/Index.php[ array (
) ]
[ info ] [ VIEW ] /home/yqj/project/easytrader/H5/tp5/public/../application/mobile/view/index/home.html [ array (
) ]
[ info ] [ LOG ] INIT File: array (
  'path' => '/home/yqj/project/easytrader/H5/tp5/public/../runtime/log/',
)

[ 2016-06-30T06:56:03+08:00 ] 127.0.0.1 127.0.0.1 GET /index.php?s=/mobile/index/home
[ log ] 127.0.0.1:8000/index.php?s=/mobile/index/home [运行时间：0.003487s] [吞吐率：286.79req/s] [内存消耗：252.52kb] [文件加载：30]
[ info ] [ ROUTE ] array (
  'type' => 'module',
  'module' => 
  array (
    0 => 'mobile',
    1 => 'index',
    2 => 'home',
  ),
)
[ info ] [ RUN ] /home/yqj/project/easytrader/H5/tp5/application/mobile/controller/Index.php[ array (
) ]
[ info ] [ VIEW ] /home/yqj/project/easytrader/H5/tp5/public/../application/mobile/view/index/home.html [ array (
) ]
[ info ] [ LOG ] INIT File: array (
  'path' => '/home/yqj/project/easytrader/H5/tp5/public/../runtime/log/',
)

[ 2016-06-30T06:56:47+08:00 ] 127.0.0.1 127.0.0.1 GET /index.php?s=/mobile/index/home
[ log ] 127.0.0.1:8000/index.php?s=/mobile/index/home [运行时间：0.003889s] [吞吐率：257.15req/s] [内存消耗：252.52kb] [文件加载：30]
[ info ] [ ROUTE ] array (
  'type' => 'module',
  'module' => 
  array (
    0 => 'mobile',
    1 => 'index',
    2 => 'home',
  ),
)
[ info ] [ RUN ] /home/yqj/project/easytrader/H5/tp5/application/mobile/controller/Index.php[ array (
) ]
[ info ] [ VIEW ] /home/yqj/project/easytrader/H5/tp5/public/../application/mobile/view/index/home.html [ array (
) ]
[ info ] [ LOG ] INIT File: array (
  'path' => '/home/yqj/project/easytrader/H5/tp5/public/../runtime/log/',
)

[ 2016-06-30T06:56:48+08:00 ] 127.0.0.1 127.0.0.1 GET /index.php?s=/mobile/index/home
[ log ] 127.0.0.1:8000/index.php?s=/mobile/index/home [运行时间：0.002665s] [吞吐率：375.26req/s] [内存消耗：202.53kb] [文件加载：28]
[ info ] [ ROUTE ] array (
  'type' => 'module',
  'module' => 
  array (
    0 => 'mobile',
    1 => 'index',
    2 => 'home',
  ),
)
[ info ] [ RUN ] /home/yqj/project/easytrader/H5/tp5/application/mobile/controller/Index.php[ array (
) ]
[ info ] [ VIEW ] /home/yqj/project/easytrader/H5/tp5/public/../application/mobile/view/index/home.html [ array (
) ]
[ info ] [ LOG ] INIT File: array (
  'path' => '/home/yqj/project/easytrader/H5/tp5/public/../runtime/log/',
)

[ 2016-06-30T06:57:26+08:00 ] 127.0.0.1 127.0.0.1 GET /index.php?s=/mobile/index/home
[ log ] 127.0.0.1:8000/index.php?s=/mobile/index/home [运行时间：0.003308s] [吞吐率：302.29req/s] [内存消耗：252.46kb] [文件加载：30]
[ info ] [ ROUTE ] array (
  'type' => 'module',
  'module' => 
  array (
    0 => 'mobile',
    1 => 'index',
    2 => 'home',
  ),
)
[ info ] [ RUN ] /home/yqj/project/easytrader/H5/tp5/application/mobile/controller/Index.php[ array (
) ]
[ info ] [ VIEW ] /home/yqj/project/easytrader/H5/tp5/public/../application/mobile/view/index/home.html [ array (
) ]
[ info ] [ LOG ] INIT File: array (
  'path' => '/home/yqj/project/easytrader/H5/tp5/public/../runtime/log/',
)

[ 2016-06-30T06:58:17+08:00 ] 127.0.0.1 127.0.0.1 GET /index.php?s=/mobile/index/home
[ log ] 127.0.0.1:8000/index.php?s=/mobile/index/home [运行时间：0.003654s] [吞吐率：273.67req/s] [内存消耗：252.46kb] [文件加载：30]
[ info ] [ ROUTE ] array (
  'type' => 'module',
  'module' => 
  array (
    0 => 'mobile',
    1 => 'index',
    2 => 'home',
  ),
)
[ info ] [ RUN ] /home/yqj/project/easytrader/H5/tp5/application/mobile/controller/Index.php[ array (
) ]
[ info ] [ VIEW ] /home/yqj/project/easytrader/H5/tp5/public/../application/mobile/view/index/home.html [ array (
) ]
[ info ] [ LOG ] INIT File: array (
  'path' => '/home/yqj/project/easytrader/H5/tp5/public/../runtime/log/',
)

[ 2016-06-30T06:59:29+08:00 ] 127.0.0.1 127.0.0.1 GET /index.php?s=/mobile/index/home
[ log ] 127.0.0.1:8000/index.php?s=/mobile/index/home [运行时间：0.005128s] [吞吐率：195.01req/s] [内存消耗：252.57kb] [文件加载：30]
[ info ] [ ROUTE ] array (
  'type' => 'module',
  'module' => 
  array (
    0 => 'mobile',
    1 => 'index',
    2 => 'home',
  ),
)
[ info ] [ RUN ] /home/yqj/project/easytrader/H5/tp5/application/mobile/controller/Index.php[ array (
) ]
[ info ] [ VIEW ] /home/yqj/project/easytrader/H5/tp5/public/../application/mobile/view/index/home.html [ array (
) ]
[ info ] [ LOG ] INIT File: array (
  'path' => '/home/yqj/project/easytrader/H5/tp5/public/../runtime/log/',
)

[ 2016-06-30T06:59:44+08:00 ] 127.0.0.1 127.0.0.1 GET /index.php?s=/mobile/index/home
[ log ] 127.0.0.1:8000/index.php?s=/mobile/index/home [运行时间：0.005439s] [吞吐率：183.86req/s] [内存消耗：252.46kb] [文件加载：30]
[ info ] [ ROUTE ] array (
  'type' => 'module',
  'module' => 
  array (
    0 => 'mobile',
    1 => 'index',
    2 => 'home',
  ),
)
[ info ] [ RUN ] /home/yqj/project/easytrader/H5/tp5/application/mobile/controller/Index.php[ array (
) ]
[ info ] [ VIEW ] /home/yqj/project/easytrader/H5/tp5/public/../application/mobile/view/index/home.html [ array (
) ]
[ info ] [ LOG ] INIT File: array (
  'path' => '/home/yqj/project/easytrader/H5/tp5/public/../runtime/log/',
)

[ 2016-06-30T07:02:49+08:00 ] 127.0.0.1 127.0.0.1 GET /index.php?s=/mobile/index/home
[ log ] 127.0.0.1:8000/index.php?s=/mobile/index/home [运行时间：0.005530s] [吞吐率：180.83req/s] [内存消耗：252.52kb] [文件加载：30]
[ info ] [ ROUTE ] array (
  'type' => 'module',
  'module' => 
  array (
    0 => 'mobile',
    1 => 'index',
    2 => 'home',
  ),
)
[ info ] [ RUN ] /home/yqj/project/easytrader/H5/tp5/application/mobile/controller/Index.php[ array (
) ]
[ info ] [ VIEW ] /home/yqj/project/easytrader/H5/tp5/public/../application/mobile/view/index/home.html [ array (
) ]
[ info ] [ LOG ] INIT File: array (
  'path' => '/home/yqj/project/easytrader/H5/tp5/public/../runtime/log/',
)

[ 2016-06-30T07:05:08+08:00 ] 127.0.0.1 127.0.0.1 GET /index.php?s=/mobile/index/home
[ log ] 127.0.0.1:8000/index.php?s=/mobile/index/home [运行时间：0.003657s] [吞吐率：273.44req/s] [内存消耗：251.03kb] [文件加载：30]
[ info ] [ ROUTE ] array (
  'type' => 'module',
  'module' => 
  array (
    0 => 'mobile',
    1 => 'index',
    2 => 'home',
  ),
)
[ info ] [ RUN ] /home/yqj/project/easytrader/H5/tp5/application/mobile/controller/Index.php[ array (
) ]
[ info ] [ VIEW ] /home/yqj/project/easytrader/H5/tp5/public/../application/mobile/view/index/home.html [ array (
) ]
[ info ] [ LOG ] INIT File: array (
  'path' => '/home/yqj/project/easytrader/H5/tp5/public/../runtime/log/',
)

[ 2016-06-30T07:06:07+08:00 ] 127.0.0.1 127.0.0.1 GET /index.php?s=/mobile/index/home
[ log ] 127.0.0.1:8000/index.php?s=/mobile/index/home [运行时间：0.003622s] [吞吐率：276.09req/s] [内存消耗：251.40kb] [文件加载：30]
[ info ] [ ROUTE ] array (
  'type' => 'module',
  'module' => 
  array (
    0 => 'mobile',
    1 => 'index',
    2 => 'home',
  ),
)
[ info ] [ RUN ] /home/yqj/project/easytrader/H5/tp5/application/mobile/controller/Index.php[ array (
) ]
[ info ] [ VIEW ] /home/yqj/project/easytrader/H5/tp5/public/../application/mobile/view/index/home.html [ array (
) ]
[ info ] [ LOG ] INIT File: array (
  'path' => '/home/yqj/project/easytrader/H5/tp5/public/../runtime/log/',
)

[ 2016-06-30T07:07:07+08:00 ] 127.0.0.1 127.0.0.1 GET /index.php?s=/mobile/index/home
[ log ] 127.0.0.1:8000/index.php?s=/mobile/index/home [运行时间：0.003327s] [吞吐率：300.58req/s] [内存消耗：251.40kb] [文件加载：30]
[ info ] [ ROUTE ] array (
  'type' => 'module',
  'module' => 
  array (
    0 => 'mobile',
    1 => 'index',
    2 => 'home',
  ),
)
[ info ] [ RUN ] /home/yqj/project/easytrader/H5/tp5/application/mobile/controller/Index.php[ array (
) ]
[ info ] [ VIEW ] /home/yqj/project/easytrader/H5/tp5/public/../application/mobile/view/index/home.html [ array (
) ]
[ info ] [ LOG ] INIT File: array (
  'path' => '/home/yqj/project/easytrader/H5/tp5/public/../runtime/log/',
)

[ 2016-06-30T07:07:50+08:00 ] 127.0.0.1 127.0.0.1 GET /index.php?s=/mobile/index/home
[ log ] 127.0.0.1:8000/index.php?s=/mobile/index/home [运行时间：0.003467s] [吞吐率：288.43req/s] [内存消耗：251.16kb] [文件加载：30]
[ info ] [ ROUTE ] array (
  'type' => 'module',
  'module' => 
  array (
    0 => 'mobile',
    1 => 'index',
    2 => 'home',
  ),
)
[ info ] [ RUN ] /home/yqj/project/easytrader/H5/tp5/application/mobile/controller/Index.php[ array (
) ]
[ info ] [ VIEW ] /home/yqj/project/easytrader/H5/tp5/public/../application/mobile/view/index/home.html [ array (
) ]
[ info ] [ LOG ] INIT File: array (
  'path' => '/home/yqj/project/easytrader/H5/tp5/public/../runtime/log/',
)

[ 2016-06-30T07:08:14+08:00 ] 127.0.0.1 127.0.0.1 GET /index.php?s=/mobile/index/home
[ log ] 127.0.0.1:8000/index.php?s=/mobile/index/home [运行时间：0.003420s] [吞吐率：292.41req/s] [内存消耗：251.34kb] [文件加载：30]
[ info ] [ ROUTE ] array (
  'type' => 'module',
  'module' => 
  array (
    0 => 'mobile',
    1 => 'index',
    2 => 'home',
  ),
)
[ info ] [ RUN ] /home/yqj/project/easytrader/H5/tp5/application/mobile/controller/Index.php[ array (
) ]
[ info ] [ VIEW ] /home/yqj/project/easytrader/H5/tp5/public/../application/mobile/view/index/home.html [ array (
) ]
[ info ] [ LOG ] INIT File: array (
  'path' => '/home/yqj/project/easytrader/H5/tp5/public/../runtime/log/',
)

[ 2016-06-30T07:08:50+08:00 ] 127.0.0.1 127.0.0.1 GET /index.php?s=/mobile/index/home
[ log ] 127.0.0.1:8000/index.php?s=/mobile/index/home [运行时间：0.005345s] [吞吐率：187.10req/s] [内存消耗：251.28kb] [文件加载：30]
[ info ] [ ROUTE ] array (
  'type' => 'module',
  'module' => 
  array (
    0 => 'mobile',
    1 => 'index',
    2 => 'home',
  ),
)
[ info ] [ RUN ] /home/yqj/project/easytrader/H5/tp5/application/mobile/controller/Index.php[ array (
) ]
[ info ] [ VIEW ] /home/yqj/project/easytrader/H5/tp5/public/../application/mobile/view/index/home.html [ array (
) ]
[ info ] [ LOG ] INIT File: array (
  'path' => '/home/yqj/project/easytrader/H5/tp5/public/../runtime/log/',
)

[ 2016-06-30T07:09:08+08:00 ] 127.0.0.1 127.0.0.1 GET /index.php?s=/mobile/index/home
[ log ] 127.0.0.1:8000/index.php?s=/mobile/index/home [运行时间：0.003610s] [吞吐率：277.02req/s] [内存消耗：251.34kb] [文件加载：30]
[ info ] [ ROUTE ] array (
  'type' => 'module',
  'module' => 
  array (
    0 => 'mobile',
    1 => 'index',
    2 => 'home',
  ),
)
[ info ] [ RUN ] /home/yqj/project/easytrader/H5/tp5/application/mobile/controller/Index.php[ array (
) ]
[ info ] [ VIEW ] /home/yqj/project/easytrader/H5/tp5/public/../application/mobile/view/index/home.html [ array (
) ]
[ info ] [ LOG ] INIT File: array (
  'path' => '/home/yqj/project/easytrader/H5/tp5/public/../runtime/log/',
)

[ 2016-06-30T07:09:30+08:00 ] 127.0.0.1 127.0.0.1 GET /index.php?s=/mobile/index/home
[ log ] 127.0.0.1:8000/index.php?s=/mobile/index/home [运行时间：0.003201s] [吞吐率：312.40req/s] [内存消耗：251.34kb] [文件加载：30]
[ info ] [ ROUTE ] array (
  'type' => 'module',
  'module' => 
  array (
    0 => 'mobile',
    1 => 'index',
    2 => 'home',
  ),
)
[ info ] [ RUN ] /home/yqj/project/easytrader/H5/tp5/application/mobile/controller/Index.php[ array (
) ]
[ info ] [ VIEW ] /home/yqj/project/easytrader/H5/tp5/public/../application/mobile/view/index/home.html [ array (
) ]
[ info ] [ LOG ] INIT File: array (
  'path' => '/home/yqj/project/easytrader/H5/tp5/public/../runtime/log/',
)

[ 2016-06-30T07:10:56+08:00 ] 127.0.0.1 127.0.0.1 GET /index.php?s=/mobile/index/home
[ log ] 127.0.0.1:8000/index.php?s=/mobile/index/home [运行时间：0.003430s] [吞吐率：291.53req/s] [内存消耗：251.34kb] [文件加载：30]
[ info ] [ ROUTE ] array (
  'type' => 'module',
  'module' => 
  array (
    0 => 'mobile',
    1 => 'index',
    2 => 'home',
  ),
)
[ info ] [ RUN ] /home/yqj/project/easytrader/H5/tp5/application/mobile/controller/Index.php[ array (
) ]
[ info ] [ VIEW ] /home/yqj/project/easytrader/H5/tp5/public/../application/mobile/view/index/home.html [ array (
) ]
[ info ] [ LOG ] INIT File: array (
  'path' => '/home/yqj/project/easytrader/H5/tp5/public/../runtime/log/',
)

[ 2016-06-30T07:11:36+08:00 ] 127.0.0.1 127.0.0.1 GET /index.php?s=/mobile/index/home
[ log ] 127.0.0.1:8000/index.php?s=/mobile/index/home [运行时间：0.003687s] [吞吐率：271.23req/s] [内存消耗：251.37kb] [文件加载：30]
[ info ] [ ROUTE ] array (
  'type' => 'module',
  'module' => 
  array (
    0 => 'mobile',
    1 => 'index',
    2 => 'home',
  ),
)
[ info ] [ RUN ] /home/yqj/project/easytrader/H5/tp5/application/mobile/controller/Index.php[ array (
) ]
[ info ] [ VIEW ] /home/yqj/project/easytrader/H5/tp5/public/../application/mobile/view/index/home.html [ array (
) ]
[ info ] [ LOG ] INIT File: array (
  'path' => '/home/yqj/project/easytrader/H5/tp5/public/../runtime/log/',
)

[ 2016-06-30T07:12:48+08:00 ] 127.0.0.1 127.0.0.1 GET /index.php?s=/mobile/index/home
[ log ] 127.0.0.1:8000/index.php?s=/mobile/index/home [运行时间：0.003123s] [吞吐率：320.20req/s] [内存消耗：252.20kb] [文件加载：30]
[ info ] [ ROUTE ] array (
  'type' => 'module',
  'module' => 
  array (
    0 => 'mobile',
    1 => 'index',
    2 => 'home',
  ),
)
[ info ] [ RUN ] /home/yqj/project/easytrader/H5/tp5/application/mobile/controller/Index.php[ array (
) ]
[ info ] [ VIEW ] /home/yqj/project/easytrader/H5/tp5/public/../application/mobile/view/index/home.html [ array (
) ]
[ info ] [ LOG ] INIT File: array (
  'path' => '/home/yqj/project/easytrader/H5/tp5/public/../runtime/log/',
)

[ 2016-06-30T07:13:47+08:00 ] 127.0.0.1 127.0.0.1 GET /index.php?s=/mobile/index/home
[ log ] 127.0.0.1:8000/index.php?s=/mobile/index/home [运行时间：0.003674s] [吞吐率：272.18req/s] [内存消耗：251.98kb] [文件加载：30]
[ info ] [ ROUTE ] array (
  'type' => 'module',
  'module' => 
  array (
    0 => 'mobile',
    1 => 'index',
    2 => 'home',
  ),
)
[ info ] [ RUN ] /home/yqj/project/easytrader/H5/tp5/application/mobile/controller/Index.php[ array (
) ]
[ info ] [ VIEW ] /home/yqj/project/easytrader/H5/tp5/public/../application/mobile/view/index/home.html [ array (
) ]
[ info ] [ LOG ] INIT File: array (
  'path' => '/home/yqj/project/easytrader/H5/tp5/public/../runtime/log/',
)

[ 2016-06-30T07:14:20+08:00 ] 127.0.0.1 127.0.0.1 GET /index.php?s=/mobile/index/home
[ log ] 127.0.0.1:8000/index.php?s=/mobile/index/home [运行时间：0.003077s] [吞吐率：324.99req/s] [内存消耗：251.92kb] [文件加载：30]
[ info ] [ ROUTE ] array (
  'type' => 'module',
  'module' => 
  array (
    0 => 'mobile',
    1 => 'index',
    2 => 'home',
  ),
)
[ info ] [ RUN ] /home/yqj/project/easytrader/H5/tp5/application/mobile/controller/Index.php[ array (
) ]
[ info ] [ VIEW ] /home/yqj/project/easytrader/H5/tp5/public/../application/mobile/view/index/home.html [ array (
) ]
[ info ] [ LOG ] INIT File: array (
  'path' => '/home/yqj/project/easytrader/H5/tp5/public/../runtime/log/',
)

