[ 2016-07-22T07:25:31+08:00 ] 127.0.0.1 127.0.0.1 GET /index.php/mobile/trader/userdetail
[ log ] 127.0.0.1:8000/index.php/mobile/trader/userdetail [运行时间：0.295016s] [吞吐率：3.39req/s] [内存消耗：240.22kb] [文件加载：30]
[ info ] [ ROUTE ] array (
  'type' => 'module',
  'module' => 
  array (
    0 => 'mobile',
    1 => 'trader',
    2 => 'userdetail',
  ),
)
[ info ] [ RUN ] /home/yqj/project/easytrader/H5/tp5/application/mobile/controller/Trader.php[ array (
) ]
[ info ] [ LOG ] INIT File: array (
  'path' => '/home/yqj/project/easytrader/H5/tp5/public/../runtime/log/',
)
[ log ] array (
  'error' => 0,
  'user' => 
  array (
    'Mobile' => '13568802228',
    'Nickname' => 'testnickname',
    'Email' => '112@163.com',
    'Name' => '',
    'Password' => '',
    'Securecode' => '',
    'Open_id' => '',
    'Xy' => '',
    'City' => '',
    'Sex' => 0,
    'QQ' => '',
    'Deviceinfo' => '',
    'Age' => 0,
    'Address' => 'xxxxyyyy',
    'Profile' => '',
    'Status' => 0,
    'Idcard' => '',
    'Bankname' => 'testbankname',
    'Bankno' => '11111122222',
    'Refer' => '',
    'Lastlogin' => '0001-01-01T00:00:00Z',
    'Vid' => 0,
    'User_id' => 103156,
    'Score' => 3000,
    'Money' => 0,
    'Isvip' => 0,
    'Ismaster' => 0,
    'Vip' => 0,
    'Vipname' => '',
    'Usercardno' => '',
    'Smallimage' => '',
    'Mastermargin' => 0,
    'Freezemoney' => 0,
    'Enabledaysum' => 0,
    'Daysummargin' => 0,
  ),
)

[ 2016-07-22T07:25:46+08:00 ] 127.0.0.1 127.0.0.1 GET /index.php/mobile/trader/query
[ log ] 127.0.0.1:8000/index.php/mobile/trader/query [运行时间：0.106388s] [吞吐率：9.40req/s] [内存消耗：224.48kb] [文件加载：30]
[ info ] [ ROUTE ] array (
  'type' => 'module',
  'module' => 
  array (
    0 => 'mobile',
    1 => 'trader',
    2 => 'query',
  ),
)
[ info ] [ RUN ] /home/yqj/project/easytrader/H5/tp5/application/mobile/controller/Trader.php[ array (
) ]
[ info ] [ LOG ] INIT File: array (
  'path' => '/home/yqj/project/easytrader/H5/tp5/public/../runtime/log/',
)
[ log ] NULL

[ 2016-07-22T08:07:07+08:00 ] 127.0.0.1 127.0.0.1 GET /index.php/mobile/trader/buyfund
[ log ] 127.0.0.1:8000/index.php/mobile/trader/buyfund [运行时间：0.112857s] [吞吐率：8.86req/s] [内存消耗：256.70kb] [文件加载：34]
[ info ] [ ROUTE ] array (
  'type' => 'module',
  'module' => 
  array (
    0 => 'mobile',
    1 => 'trader',
    2 => 'buyfund',
  ),
)
[ info ] [ LOG ] INIT File: array (
  'path' => '/home/yqj/project/easytrader/H5/tp5/public/../runtime/log/',
)

[ 2016-07-22T08:07:35+08:00 ] 127.0.0.1 127.0.0.1 GET /index.php/mobile/trader/buyfund
[ log ] 127.0.0.1:8000/index.php/mobile/trader/buyfund [运行时间：0.126457s] [吞吐率：7.91req/s] [内存消耗：228.48kb] [文件加载：30]
[ info ] [ ROUTE ] array (
  'type' => 'module',
  'module' => 
  array (
    0 => 'mobile',
    1 => 'trader',
    2 => 'buyfund',
  ),
)
[ info ] [ RUN ] /home/yqj/project/easytrader/H5/tp5/application/mobile/controller/Trader.php[ array (
) ]
[ info ] [ LOG ] INIT File: array (
  'path' => '/home/yqj/project/easytrader/H5/tp5/public/../runtime/log/',
)
[ log ] NULL

[ 2016-07-22T08:28:16+08:00 ] 127.0.0.1 127.0.0.1 GET /index.php/mobile/trader/upload
[ log ] 127.0.0.1:8000/index.php/mobile/trader/upload [运行时间：1.103021s] [吞吐率：0.91req/s] [内存消耗：230.51kb] [文件加载：30]
[ info ] [ ROUTE ] array (
  'type' => 'module',
  'module' => 
  array (
    0 => 'mobile',
    1 => 'trader',
    2 => 'upload',
  ),
)
[ info ] [ RUN ] /home/yqj/project/easytrader/H5/tp5/application/mobile/controller/Trader.php[ array (
) ]
[ info ] [ LOG ] INIT File: array (
  'path' => '/home/yqj/project/easytrader/H5/tp5/public/../runtime/log/',
)
[ log ] NULL

[ 2016-07-22T08:28:21+08:00 ] 127.0.0.1 127.0.0.1 GET /index.php/mobile/trader/download
[ log ] 127.0.0.1:8000/index.php/mobile/trader/download [运行时间：0.103826s] [吞吐率：9.63req/s] [内存消耗：227.30kb] [文件加载：30]
[ info ] [ ROUTE ] array (
  'type' => 'module',
  'module' => 
  array (
    0 => 'mobile',
    1 => 'trader',
    2 => 'download',
  ),
)
[ info ] [ RUN ] /home/yqj/project/easytrader/H5/tp5/application/mobile/controller/Trader.php[ array (
) ]
[ info ] [ LOG ] INIT File: array (
  'path' => '/home/yqj/project/easytrader/H5/tp5/public/../runtime/log/',
)
[ log ] NULL

