[ 2016-06-22T07:07:48+08:00 ] 127.0.0.1 127.0.0.1 GET /
[ log ] 127.0.0.1:8000/ [运行时间：0.034045s] [吞吐率：29.37req/s] [内存消耗：167.38kb] [文件加载：23]
[ info ] [ ROUTE ] array (
  'type' => 'module',
  'module' => 
  array (
    0 => '',
    1 => NULL,
    2 => NULL,
  ),
)
[ info ] [ RUN ] /home/yqj/project/tp5/application/index/controller/Index.php[ array (
) ]
[ info ] [ LOG ] INIT File: array (
  'path' => '/home/yqj/project/tp5/public/../runtime/log/',
)

[ 2016-06-22T07:15:27+08:00 ] 127.0.0.1 127.0.0.1 GET /index.php
[ log ] 127.0.0.1:8000/index.php [运行时间：0.009693s] [吞吐率：103.17req/s] [内存消耗：160.80kb] [文件加载：23]
[ info ] [ ROUTE ] array (
  'type' => 'module',
  'module' => 
  array (
    0 => '',
    1 => NULL,
    2 => NULL,
  ),
)
[ info ] [ RUN ] /home/yqj/project/tp5/application/index/controller/Index.php[ array (
) ]
[ info ] [ LOG ] INIT File: array (
  'path' => '/home/yqj/project/tp5/public/../runtime/log/',
)

[ 2016-06-22T07:18:17+08:00 ] 127.0.0.1 127.0.0.1 GET /index.php?s=/index/index/
[ log ] 127.0.0.1:8000/index.php?s=/index/index/ [运行时间：0.002893s] [吞吐率：345.64req/s] [内存消耗：164.84kb] [文件加载：23]
[ info ] [ ROUTE ] array (
  'type' => 'module',
  'module' => 
  array (
    0 => 'index',
    1 => 'index',
    2 => NULL,
  ),
)
[ info ] [ RUN ] /home/yqj/project/tp5/application/index/controller/Index.php[ array (
) ]
[ info ] [ LOG ] INIT File: array (
  'path' => '/home/yqj/project/tp5/public/../runtime/log/',
)

[ 2016-06-22T07:18:49+08:00 ] 127.0.0.1 127.0.0.1 GET /index.php?s=/index/index/
[ log ] 127.0.0.1:8000/index.php?s=/index/index/ [运行时间：0.002397s] [吞吐率：417.18req/s] [内存消耗：166.80kb] [文件加载：23]
[ info ] [ ROUTE ] array (
  'type' => 'module',
  'module' => 
  array (
    0 => 'index',
    1 => 'index',
    2 => NULL,
  ),
)
[ info ] [ RUN ] /home/yqj/project/tp5/application/index/controller/Index.php[ array (
) ]
[ info ] [ LOG ] INIT File: array (
  'path' => '/home/yqj/project/tp5/public/../runtime/log/',
)

[ 2016-06-22T07:19:15+08:00 ] 127.0.0.1 127.0.0.1 GET /index.php
[ log ] 127.0.0.1:8000/index.php [运行时间：0.001567s] [吞吐率：638.21req/s] [内存消耗：162.77kb] [文件加载：23]
[ info ] [ ROUTE ] array (
  'type' => 'module',
  'module' => 
  array (
    0 => '',
    1 => NULL,
    2 => NULL,
  ),
)
[ info ] [ RUN ] /home/yqj/project/tp5/application/index/controller/Index.php[ array (
) ]
[ info ] [ LOG ] INIT File: array (
  'path' => '/home/yqj/project/tp5/public/../runtime/log/',
)

[ 2016-06-22T07:30:50+08:00 ] 127.0.0.1 127.0.0.1 GET /
[ log ] 127.0.0.1:8000/ [运行时间：0.183470s] [吞吐率：5.45req/s] [内存消耗：167.05kb] [文件加载：23]
[ info ] [ ROUTE ] array (
  'type' => 'module',
  'module' => 
  array (
    0 => '',
    1 => NULL,
    2 => NULL,
  ),
)
[ info ] [ RUN ] /home/yqj/project/tp5/application/index/controller/Index.php[ array (
) ]
[ info ] [ LOG ] INIT File: array (
  'path' => '/home/yqj/project/tp5/public/../runtime/log/',
)

[ 2016-06-22T07:50:01+08:00 ] 127.0.0.1 127.0.0.1 GET /
[ log ] 127.0.0.1:8000/ [运行时间：0.051432s] [吞吐率：19.44req/s] [内存消耗：173.00kb] [文件加载：24]
[ info ] [ ROUTE ] array (
  'type' => 'module',
  'module' => 
  array (
    0 => '',
    1 => NULL,
    2 => NULL,
  ),
)
[ info ] [ RUN ] /home/yqj/project/tp5/application/index/controller/Index.php[ array (
) ]
[ info ] [ LOG ] INIT File: array (
  'path' => '/home/yqj/project/tp5/public/../runtime/log/',
)

[ 2016-06-22T07:51:44+08:00 ] 127.0.0.1 127.0.0.1 GET /
[ log ] 127.0.0.1:8000/ [运行时间：0.003107s] [吞吐率：321.85req/s] [内存消耗：172.70kb] [文件加载：24]
[ info ] [ ROUTE ] array (
  'type' => 'module',
  'module' => 
  array (
    0 => '',
    1 => NULL,
    2 => NULL,
  ),
)
[ info ] [ RUN ] /home/yqj/project/tp5/application/index/controller/Index.php[ array (
) ]
[ info ] [ LOG ] INIT File: array (
  'path' => '/home/yqj/project/tp5/public/../runtime/log/',
)
[ log ] 调试信息

[ 2016-06-22T07:51:46+08:00 ] 127.0.0.1 127.0.0.1 GET /
[ log ] 127.0.0.1:8000/ [运行时间：0.002741s] [吞吐率：364.85req/s] [内存消耗：169.70kb] [文件加载：24]
[ info ] [ ROUTE ] array (
  'type' => 'module',
  'module' => 
  array (
    0 => '',
    1 => NULL,
    2 => NULL,
  ),
)
[ info ] [ RUN ] /home/yqj/project/tp5/application/index/controller/Index.php[ array (
) ]
[ info ] [ LOG ] INIT File: array (
  'path' => '/home/yqj/project/tp5/public/../runtime/log/',
)
[ log ] 调试信息

[ 2016-06-22T07:52:17+08:00 ] 127.0.0.1 127.0.0.1 GET /
[ log ] 127.0.0.1:8000/ [运行时间：0.001240s] [吞吐率：806.44req/s] [内存消耗：169.70kb] [文件加载：24]
[ info ] [ ROUTE ] array (
  'type' => 'module',
  'module' => 
  array (
    0 => '',
    1 => NULL,
    2 => NULL,
  ),
)
[ info ] [ RUN ] /home/yqj/project/tp5/application/index/controller/Index.php[ array (
) ]
[ info ] [ LOG ] INIT File: array (
  'path' => '/home/yqj/project/tp5/public/../runtime/log/',
)
[ log ] 调试信息

[ 2016-06-22T07:52:22+08:00 ] 127.0.0.1 127.0.0.1 GET /
[ log ] 127.0.0.1:8000/ [运行时间：0.002263s] [吞吐率：441.88req/s] [内存消耗：169.70kb] [文件加载：24]
[ info ] [ ROUTE ] array (
  'type' => 'module',
  'module' => 
  array (
    0 => '',
    1 => NULL,
    2 => NULL,
  ),
)
[ info ] [ RUN ] /home/yqj/project/tp5/application/index/controller/Index.php[ array (
) ]
[ info ] [ LOG ] INIT File: array (
  'path' => '/home/yqj/project/tp5/public/../runtime/log/',
)
[ log ] 调试信息

[ 2016-06-22T07:53:10+08:00 ] 127.0.0.1 127.0.0.1 GET /
[ log ] 127.0.0.1:8000/ [运行时间：0.001133s] [吞吐率：882.64req/s] [内存消耗：169.70kb] [文件加载：24]
[ info ] [ ROUTE ] array (
  'type' => 'module',
  'module' => 
  array (
    0 => '',
    1 => NULL,
    2 => NULL,
  ),
)
[ info ] [ RUN ] /home/yqj/project/tp5/application/index/controller/Index.php[ array (
) ]
[ info ] [ LOG ] INIT File: array (
  'path' => '/home/yqj/project/tp5/public/../runtime/log/',
)
[ log ] 调试信息

[ 2016-06-22T07:57:11+08:00 ] 127.0.0.1 127.0.0.1 GET /
[ log ] 127.0.0.1:8000/ [运行时间：0.030888s] [吞吐率：32.37req/s] [内存消耗：170.60kb] [文件加载：24]
[ info ] [ ROUTE ] array (
  'type' => 'module',
  'module' => 
  array (
    0 => '',
    1 => NULL,
    2 => NULL,
  ),
)
[ info ] [ RUN ] /home/yqj/project/tp5/application/index/controller/Index.php[ array (
) ]
[ info ] [ LOG ] INIT File: array (
  'path' => '/home/yqj/project/tp5/public/../runtime/log/',
)
[ log ] 调试信息

[ 2016-06-22T07:59:22+08:00 ] 127.0.0.1 127.0.0.1 GET /
[ log ] 127.0.0.1:8000/ [运行时间：0.001288s] [吞吐率：776.43req/s] [内存消耗：169.70kb] [文件加载：24]
[ info ] [ ROUTE ] array (
  'type' => 'module',
  'module' => 
  array (
    0 => '',
    1 => NULL,
    2 => NULL,
  ),
)
[ info ] [ RUN ] /home/yqj/project/tp5/application/index/controller/Index.php[ array (
) ]
[ info ] [ LOG ] INIT File: array (
  'path' => '/home/yqj/project/tp5/public/../runtime/log/',
)
[ log ] 调试信息

[ 2016-06-22T07:59:36+08:00 ] 127.0.0.1 127.0.0.1 GET /
[ log ] 127.0.0.1:8000/ [运行时间：0.002257s] [吞吐率：443.04req/s] [内存消耗：172.72kb] [文件加载：24]
[ info ] [ ROUTE ] array (
  'type' => 'module',
  'module' => 
  array (
    0 => '',
    1 => NULL,
    2 => NULL,
  ),
)
[ info ] [ RUN ] /home/yqj/project/tp5/application/index/controller/Index.php[ array (
) ]
[ info ] [ LOG ] INIT File: array (
  'path' => '/home/yqj/project/tp5/public/../runtime/log/',
)
[ log ] sdfsdfsdf

[ 2016-06-22T07:59:56+08:00 ] 127.0.0.1 127.0.0.1 GET /
[ log ] 127.0.0.1:8000/ [运行时间：0.001290s] [吞吐率：775.15req/s] [内存消耗：169.72kb] [文件加载：24]
[ info ] [ ROUTE ] array (
  'type' => 'module',
  'module' => 
  array (
    0 => '',
    1 => NULL,
    2 => NULL,
  ),
)
[ info ] [ RUN ] /home/yqj/project/tp5/application/index/controller/Index.php[ array (
) ]
[ info ] [ LOG ] INIT File: array (
  'path' => '/home/yqj/project/tp5/public/../runtime/log/',
)
[ log ] sdfsdfsdf

